<?xml version="1.0" encoding="UTF-8"?>
<testng-results ignored="0" total="1" passed="1" failed="0" skipped="0">
  <reporter-output>
  </reporter-output>
  <suite started-at="2023-10-08T13:01:51 EDT" name="Default suite" finished-at="2023-10-08T13:04:14 EDT" duration-ms="143474">
    <groups>
    </groups>
    <test started-at="2023-10-08T13:01:51 EDT" name="Default test" finished-at="2023-10-08T13:04:14 EDT" duration-ms="143474">
      <class name="FindBrokenLinks.FindBrokenLinks">
        <test-method is-config="true" signature="setUp()[pri:0, instance:FindBrokenLinks.FindBrokenLinks@36916eb0]" started-at="2023-10-08T13:01:51 EDT" name="setUp" finished-at="2023-10-08T13:02:05 EDT" duration-ms="14510" status="PASS">
          <reporter-output>
          </reporter-output>
        </test-method> <!-- setUp -->
        <test-method signature="searchResuktDisplayed()[pri:0, instance:FindBrokenLinks.FindBrokenLinks@36916eb0]" started-at="2023-10-08T13:02:05 EDT" name="searchResuktDisplayed" finished-at="2023-10-08T13:04:14 EDT" duration-ms="128775" status="PASS">
          <reporter-output>
          </reporter-output>
        </test-method> <!-- searchResuktDisplayed -->
        <test-method is-config="true" signature="tearDown()[pri:0, instance:FindBrokenLinks.FindBrokenLinks@36916eb0]" started-at="2023-10-08T13:04:14 EDT" name="tearDown" finished-at="2023-10-08T13:04:14 EDT" duration-ms="159" status="PASS">
          <reporter-output>
          </reporter-output>
        </test-method> <!-- tearDown -->
      </class> <!-- FindBrokenLinks.FindBrokenLinks -->
    </test> <!-- Default test -->
  </suite> <!-- Default suite -->
</testng-results>
